<testsuites id="" name="" tests="1" failures="0" skipped="0" errors="0" time="33.04047399999993">
<testsuite name="llmhq\tests\regression\reg_clearTheList.spec.ts" timestamp="2025-09-25T18:21:30.891Z" hostname="Chrome Desktop" tests="1" failures="0" skipped="0" time="31.613" errors="0">
<testcase name="REGRESSION - CLEAR THE LIST FUNCTIONALITY" classname="llmhq\tests\regression\reg_clearTheList.spec.ts" time="31.613">
<system-out>
<![CDATA[🍪 Cookie banner detected. Clicking X to close consent banner...
✅ Cookie banner dismissed.
🛒 Emptying the cart...
🛒 Cart is already empty.
✅ All shopping lists have been deleted.
🌐 Navigating to the Clear the List page...
🌐 Navigate to BASEURL
🔍 Searching for: TEST050
📝 Clicking on "Add to List" link...
🔍 Navigating to Find a List...
📝 Filling out search form...
✅ Search submitted.
🗑️ Found a list to delete...
✅ All shopping lists have been deleted.
🚪 Signing out from header...
]]>
</system-out>
</testcase>
</testsuite>
</testsuites>